c:\users\yuhan\downloads\2022_2_c-_hw-main\2022_2_c-_hw-main\20221114\20221114\x64\debug\vc143.pdb
c:\users\yuhan\downloads\2022_2_c-_hw-main\2022_2_c-_hw-main\20221114\20221114\x64\debug\vc143.idb
c:\users\yuhan\downloads\2022_2_c-_hw-main\2022_2_c-_hw-main\20221114\20221114\x64\debug\20221114.obj
c:\users\yuhan\downloads\2022_2_c-_hw-main\2022_2_c-_hw-main\20221114\x64\debug\20221114.exe
c:\users\yuhan\downloads\2022_2_c-_hw-main\2022_2_c-_hw-main\20221114\20221114\x64\debug\20221114.ilk
c:\users\yuhan\downloads\2022_2_c-_hw-main\2022_2_c-_hw-main\20221114\x64\debug\20221114.pdb
c:\users\yuhan\downloads\2022_2_c-_hw-main\2022_2_c-_hw-main\20221114\20221114\x64\debug\20221114.res
c:\users\yuhan\downloads\2022_2_c-_hw-main\2022_2_c-_hw-main\2022_2_c-_hw-main\2022_2_c-_hw-main\20221114\20221114\x64\debug\20221114.obj
c:\users\yuhan\downloads\2022_2_c-_hw-main\2022_2_c-_hw-main\2022_2_c-_hw-main\2022_2_c-_hw-main\20221114\20221114\x64\debug\20221114.ilk
c:\users\yuhan\downloads\2022_2_c-_hw-main\2022_2_c-_hw-main\2022_2_c-_hw-main\2022_2_c-_hw-main\20221114\20221114\x64\debug\20221114.res
c:\users\yuhan\downloads\2022_2_c-_hw-main\2022_2_c-_hw-main\2022_2_c-_hw-main\2022_2_c-_hw-main\20221114\20221114\x64\debug\vc142.idb
c:\users\yuhan\downloads\2022_2_c-_hw-main\2022_2_c-_hw-main\2022_2_c-_hw-main\2022_2_c-_hw-main\20221114\20221114\x64\debug\vc143.idb
c:\users\yuhan\downloads\2022_2_c-_hw-main\2022_2_c-_hw-main\2022_2_c-_hw-main\2022_2_c-_hw-main\20221114\20221114\x64\debug\vc142.pdb
c:\users\yuhan\downloads\2022_2_c-_hw-main\2022_2_c-_hw-main\2022_2_c-_hw-main\2022_2_c-_hw-main\20221114\20221114\x64\debug\vc143.pdb
c:\users\yuhan\downloads\2022_2_c-_hw-main\2022_2_c-_hw-main\2022_2_c-_hw-main\2022_2_c-_hw-main\20221114\x64\debug\20221114.pdb
c:\users\yuhan\downloads\2022_2_c-_hw-main\2022_2_c-_hw-main\2022_2_c-_hw-main\2022_2_c-_hw-main\20221114\x64\debug\20221114.exe
c:\users\yuhan\downloads\2022_2_c-_hw-main\2022_2_c-_hw-main\2022_2_c-_hw-main\2022_2_c-_hw-main\20221114\x64\debug\20221114.ilk
c:\users\yuhan\downloads\2022_2_c-_hw-main\2022_2_c-_hw-main\2022_2_c-_hw-main\2022_2_c-_hw-main\20221114\20221114\x64\debug\20221114.tlog\cl.command.1.tlog
c:\users\yuhan\downloads\2022_2_c-_hw-main\2022_2_c-_hw-main\2022_2_c-_hw-main\2022_2_c-_hw-main\20221114\20221114\x64\debug\20221114.tlog\cl.read.1.tlog
c:\users\yuhan\downloads\2022_2_c-_hw-main\2022_2_c-_hw-main\2022_2_c-_hw-main\2022_2_c-_hw-main\20221114\20221114\x64\debug\20221114.tlog\cl.write.1.tlog
c:\users\yuhan\downloads\2022_2_c-_hw-main\2022_2_c-_hw-main\2022_2_c-_hw-main\2022_2_c-_hw-main\20221114\20221114\x64\debug\20221114.tlog\link.command.1.tlog
c:\users\yuhan\downloads\2022_2_c-_hw-main\2022_2_c-_hw-main\2022_2_c-_hw-main\2022_2_c-_hw-main\20221114\20221114\x64\debug\20221114.tlog\link.read.1.tlog
c:\users\yuhan\downloads\2022_2_c-_hw-main\2022_2_c-_hw-main\2022_2_c-_hw-main\2022_2_c-_hw-main\20221114\20221114\x64\debug\20221114.tlog\link.write.1.tlog
c:\users\yuhan\downloads\2022_2_c-_hw-main\2022_2_c-_hw-main\2022_2_c-_hw-main\2022_2_c-_hw-main\20221114\20221114\x64\debug\20221114.tlog\rc.command.1.tlog
c:\users\yuhan\downloads\2022_2_c-_hw-main\2022_2_c-_hw-main\2022_2_c-_hw-main\2022_2_c-_hw-main\20221114\20221114\x64\debug\20221114.tlog\rc.read.1.tlog
c:\users\yuhan\downloads\2022_2_c-_hw-main\2022_2_c-_hw-main\2022_2_c-_hw-main\2022_2_c-_hw-main\20221114\20221114\x64\debug\20221114.tlog\rc.write.1.tlog
